# JRE version: OpenJDK Runtime Environment Temurin-21.0.10+7 (21.0.10+7) (build 21.0.10+7-LTS)
# Java VM: OpenJDK 64-Bit Server VM Temurin-21.0.10+7 (21.0.10+7-LTS, mixed mode, sharing, tiered, compressed oops, compressed class ptrs, parallel gc, windows-amd64)
GC Precious Log:
 CardTable entry size: 512
 CPUs: 12 total, 12 available
 Memory: 16087M
 Large Page Support: Disabled
 NUMA Support: Disabled
 Compressed Oops: Enabled (32-bit)
 Alignments: Space 512K, Generation 512K, Heap 2M
 Heap Min Capacity: 100M
 Heap Initial Capacity: 100M
 Heap Max Capacity: 2G
 Pre-touch: Disabled
 Parallel Workers: 10
Heap:
 PSYoungGen      total 7680K, used 1913K [0x00000000d5580000, 0x00000000d6000000, 0x0000000100000000)
  eden space 4096K, 34% used [0x00000000d5580000,0x00000000d56de5e0,0x00000000d5980000)
  from space 3584K, 14% used [0x00000000d5b00000,0x00000000d5b80020,0x00000000d5e80000)
  to   space 1536K, 0% used [0x00000000d5e80000,0x00000000d5e80000,0x00000000d6000000)
 ParOldGen       total 397824K, used 397591K [0x0000000080000000, 0x0000000098480000, 0x00000000d5580000)
  object space 397824K, 99% used [0x0000000080000000,0x0000000098445cc0,0x0000000098480000)
 Metaspace       used 58136K, committed 59328K, reserved 1114112K
  class space    used 6467K, committed 6976K, reserved 1048576K
GC Heap History (20 events):
Event: 42.900 GC heap before
{Heap before GC invocations=350 (full 2):
 PSYoungGen      total 2048K, used 1984K [0x00000000d5580000, 0x00000000d5880000, 0x0000000100000000)
  eden space 1536K, 100% used [0x00000000d5580000,0x00000000d5700000,0x00000000d5700000)
  from space 512K, 87% used [0x00000000d5780000,0x00000000d57f0000,0x00000000d5800000)
  to   space 512K, 0% used [0x00000000d5800000,0x00000000d5800000,0x00000000d5880000)
 ParOldGen       total 383488K, used 383448K [0x0000000080000000, 0x0000000097680000, 0x00000000d5580000)
  object space 383488K, 99% used [0x0000000080000000,0x0000000097676018,0x0000000097680000)
 Metaspace       used 57953K, committed 59200K, reserved 1114112K
  class space    used 6448K, committed 6976K, reserved 1048576K
}
Event: 42.901 GC heap after
{Heap after GC invocations=350 (full 2):
 PSYoungGen      total 2048K, used 512K [0x00000000d5580000, 0x00000000d5980000, 0x0000000100000000)
  eden space 1536K, 0% used [0x00000000d5580000,0x00000000d5580000,0x00000000d5700000)
  from space 512K, 100% used [0x00000000d5800000,0x00000000d5880000,0x00000000d5880000)
  to   space 1024K, 0% used [0x00000000d5700000,0x00000000d5700000,0x00000000d5800000)
 ParOldGen       total 384000K, used 383808K [0x0000000080000000, 0x0000000097700000, 0x00000000d5580000)
  object space 384000K, 99% used [0x0000000080000000,0x00000000976d0018,0x0000000097700000)
 Metaspace       used 57953K, committed 59200K, reserved 1114112K
  class space    used 6448K, committed 6976K, reserved 1048576K
}
Event: 42.903 GC heap before
{Heap before GC invocations=351 (full 2):
 PSYoungGen      total 2048K, used 2048K [0x00000000d5580000, 0x00000000d5980000, 0x0000000100000000)
  eden space 1536K, 100% used [0x00000000d5580000,0x00000000d5700000,0x00000000d5700000)
  from space 512K, 100% used [0x00000000d5800000,0x00000000d5880000,0x00000000d5880000)
  to   space 1024K, 0% used [0x00000000d5700000,0x00000000d5700000,0x00000000d5800000)
 ParOldGen       total 384000K, used 383808K [0x0000000080000000, 0x0000000097700000, 0x00000000d5580000)
  object space 384000K, 99% used [0x0000000080000000,0x00000000976d0018,0x0000000097700000)
 Metaspace       used 57953K, committed 59200K, reserved 1114112K
  class space    used 6448K, committed 6976K, reserved 1048576K
}
Event: 42.904 GC heap after
{Heap after GC invocations=351 (full 2):
 PSYoungGen      total 2560K, used 608K [0x00000000d5580000, 0x00000000d5980000, 0x0000000100000000)
  eden space 1536K, 0% used [0x00000000d5580000,0x00000000d5580000,0x00000000d5700000)
  from space 1024K, 59% used [0x00000000d5700000,0x00000000d5798000,0x00000000d5800000)
  to   space 1024K, 0% used [0x00000000d5880000,0x00000000d5880000,0x00000000d5980000)
 ParOldGen       total 384512K, used 384360K [0x0000000080000000, 0x0000000097780000, 0x00000000d5580000)
  object space 384512K, 99% used [0x0000000080000000,0x000000009775a018,0x0000000097780000)
 Metaspace       used 57953K, committed 59200K, reserved 1114112K
  class space    used 6448K, committed 6976K, reserved 1048576K
}
Event: 42.907 GC heap before
{Heap before GC invocations=352 (full 2):
 PSYoungGen      total 2560K, used 2125K [0x00000000d5580000, 0x00000000d5980000, 0x0000000100000000)
  eden space 1536K, 98% used [0x00000000d5580000,0x00000000d56fb5c8,0x00000000d5700000)
  from space 1024K, 59% used [0x00000000d5700000,0x00000000d5798000,0x00000000d5800000)
  to   space 1024K, 0% used [0x00000000d5880000,0x00000000d5880000,0x00000000d5980000)
 ParOldGen       total 384512K, used 384360K [0x0000000080000000, 0x0000000097780000, 0x00000000d5580000)
  object space 384512K, 99% used [0x0000000080000000,0x000000009775a018,0x0000000097780000)
 Metaspace       used 57956K, committed 59200K, reserved 1114112K
  class space    used 6449K, committed 6976K, reserved 1048576K
}
Event: 42.909 GC heap after
{Heap after GC invocations=352 (full 2):
 PSYoungGen      total 3072K, used 836K [0x00000000d5580000, 0x00000000d5980000, 0x0000000100000000)
  eden space 2048K, 0% used [0x00000000d5580000,0x00000000d5580000,0x00000000d5780000)
  from space 1024K, 81% used [0x00000000d5880000,0x00000000d59513a8,0x00000000d5980000)
  to   space 1024K, 0% used [0x00000000d5780000,0x00000000d5780000,0x00000000d5880000)
 ParOldGen       total 385024K, used 384904K [0x0000000080000000, 0x0000000097800000, 0x00000000d5580000)
  object space 385024K, 99% used [0x0000000080000000,0x00000000977e2018,0x0000000097800000)
 Metaspace       used 57956K, committed 59200K, reserved 1114112K
  class space    used 6449K, committed 6976K, reserved 1048576K
}
Event: 42.916 GC heap before
{Heap before GC invocations=353 (full 2):
 PSYoungGen      total 3072K, used 2884K [0x00000000d5580000, 0x00000000d5980000, 0x0000000100000000)
  eden space 2048K, 100% used [0x00000000d5580000,0x00000000d5780000,0x00000000d5780000)
  from space 1024K, 81% used [0x00000000d5880000,0x00000000d59513a8,0x00000000d5980000)
  to   space 1024K, 0% used [0x00000000d5780000,0x00000000d5780000,0x00000000d5880000)
 ParOldGen       total 385024K, used 384904K [0x0000000080000000, 0x0000000097800000, 0x00000000d5580000)
  object space 385024K, 99% used [0x0000000080000000,0x00000000977e2018,0x0000000097800000)
 Metaspace       used 57957K, committed 59200K, reserved 1114112K
  class space    used 6449K, committed 6976K, reserved 1048576K
}
Event: 42.918 GC heap after
{Heap after GC invocations=353 (full 2):
 PSYoungGen      total 3072K, used 999K [0x00000000d5580000, 0x00000000d5f00000, 0x0000000100000000)
  eden space 2048K, 0% used [0x00000000d5580000,0x00000000d5580000,0x00000000d5780000)
  from space 1024K, 97% used [0x00000000d5780000,0x00000000d5879ef0,0x00000000d5880000)
  to   space 3584K, 0% used [0x00000000d5b80000,0x00000000d5b80000,0x00000000d5f00000)
 ParOldGen       total 387072K, used 386668K [0x0000000080000000, 0x0000000097a00000, 0x00000000d5580000)
  object space 387072K, 99% used [0x0000000080000000,0x000000009799b3c0,0x0000000097a00000)
 Metaspace       used 57957K, committed 59200K, reserved 1114112K
  class space    used 6449K, committed 6976K, reserved 1048576K
}
Event: 42.924 GC heap before
{Heap before GC invocations=354 (full 2):
 PSYoungGen      total 3072K, used 3047K [0x00000000d5580000, 0x00000000d5f00000, 0x0000000100000000)
  eden space 2048K, 100% used [0x00000000d5580000,0x00000000d5780000,0x00000000d5780000)
  from space 1024K, 97% used [0x00000000d5780000,0x00000000d5879ef0,0x00000000d5880000)
  to   space 3584K, 0% used [0x00000000d5b80000,0x00000000d5b80000,0x00000000d5f00000)
 ParOldGen       total 387072K, used 386668K [0x0000000080000000, 0x0000000097a00000, 0x00000000d5580000)
  object space 387072K, 99% used [0x0000000080000000,0x000000009799b3c0,0x0000000097a00000)
 Metaspace       used 57957K, committed 59200K, reserved 1114112K
  class space    used 6449K, committed 6976K, reserved 1048576K
}
Event: 42.927 GC heap after
{Heap after GC invocations=354 (full 2):
 PSYoungGen      total 5120K, used 2176K [0x00000000d5580000, 0x00000000d5e00000, 0x0000000100000000)
  eden space 2560K, 0% used [0x00000000d5580000,0x00000000d5580000,0x00000000d5800000)
  from space 2560K, 85% used [0x00000000d5b80000,0x00000000d5da0000,0x00000000d5e00000)
  to   space 2560K, 0% used [0x00000000d5900000,0x00000000d5900000,0x00000000d5b80000)
 ParOldGen       total 388096K, used 387644K [0x0000000080000000, 0x0000000097b00000, 0x00000000d5580000)
  object space 388096K, 99% used [0x0000000080000000,0x0000000097a8f2b0,0x0000000097b00000)
 Metaspace       used 57957K, committed 59200K, reserved 1114112K
  class space    used 6449K, committed 6976K, reserved 1048576K
}
Event: 42.934 GC heap before
{Heap before GC invocations=355 (full 2):
 PSYoungGen      total 5120K, used 4736K [0x00000000d5580000, 0x00000000d5e00000, 0x0000000100000000)
  eden space 2560K, 100% used [0x00000000d5580000,0x00000000d5800000,0x00000000d5800000)
  from space 2560K, 85% used [0x00000000d5b80000,0x00000000d5da0000,0x00000000d5e00000)
  to   space 2560K, 0% used [0x00000000d5900000,0x00000000d5900000,0x00000000d5b80000)
 ParOldGen       total 388096K, used 387644K [0x0000000080000000, 0x0000000097b00000, 0x00000000d5580000)
  object space 388096K, 99% used [0x0000000080000000,0x0000000097a8f2b0,0x0000000097b00000)
 Metaspace       used 57964K, committed 59200K, reserved 1114112K
  class space    used 6449K, committed 6976K, reserved 1048576K
}
Event: 42.937 GC heap after
{Heap after GC invocations=355 (full 2):
 PSYoungGen      total 5632K, used 2545K [0x00000000d5580000, 0x00000000d6380000, 0x0000000100000000)
  eden space 3072K, 0% used [0x00000000d5580000,0x00000000d5580000,0x00000000d5880000)
  from space 2560K, 99% used [0x00000000d5900000,0x00000000d5b7c7b0,0x00000000d5b80000)
  to   space 5632K, 0% used [0x00000000d5e00000,0x00000000d5e00000,0x00000000d6380000)
 ParOldGen       total 390144K, used 389813K [0x0000000080000000, 0x0000000097d00000, 0x00000000d5580000)
  object space 390144K, 99% used [0x0000000080000000,0x0000000097cad518,0x0000000097d00000)
 Metaspace       used 57964K, committed 59200K, reserved 1114112K
  class space    used 6449K, committed 6976K, reserved 1048576K
}
Event: 42.948 GC heap before
{Heap before GC invocations=356 (full 2):
 PSYoungGen      total 5632K, used 5617K [0x00000000d5580000, 0x00000000d6380000, 0x0000000100000000)
  eden space 3072K, 100% used [0x00000000d5580000,0x00000000d5880000,0x00000000d5880000)
  from space 2560K, 99% used [0x00000000d5900000,0x00000000d5b7c7b0,0x00000000d5b80000)
  to   space 5632K, 0% used [0x00000000d5e00000,0x00000000d5e00000,0x00000000d6380000)
 ParOldGen       total 390144K, used 389813K [0x0000000080000000, 0x0000000097d00000, 0x00000000d5580000)
  object space 390144K, 99% used [0x0000000080000000,0x0000000097cad518,0x0000000097d00000)
 Metaspace       used 57965K, committed 59200K, reserved 1114112K
  class space    used 6449K, committed 6976K, reserved 1048576K
}
Event: 42.949 GC heap after
{Heap after GC invocations=356 (full 2):
 PSYoungGen      total 6144K, used 1709K [0x00000000d5580000, 0x00000000d6000000, 0x0000000100000000)
  eden space 4096K, 0% used [0x00000000d5580000,0x00000000d5580000,0x00000000d5980000)
  from space 2048K, 83% used [0x00000000d5e00000,0x00000000d5fab408,0x00000000d6000000)
  to   space 3072K, 0% used [0x00000000d5a00000,0x00000000d5a00000,0x00000000d5d00000)
 ParOldGen       total 391680K, used 391536K [0x0000000080000000, 0x0000000097e80000, 0x00000000d5580000)
  object space 391680K, 99% used [0x0000000080000000,0x0000000097e5c048,0x0000000097e80000)
 Metaspace       used 57965K, committed 59200K, reserved 1114112K
  class space    used 6449K, committed 6976K, reserved 1048576K
}
Event: 42.963 GC heap before
{Heap before GC invocations=357 (full 2):
 PSYoungGen      total 6144K, used 5805K [0x00000000d5580000, 0x00000000d6000000, 0x0000000100000000)
  eden space 4096K, 100% used [0x00000000d5580000,0x00000000d5980000,0x00000000d5980000)
  from space 2048K, 83% used [0x00000000d5e00000,0x00000000d5fab408,0x00000000d6000000)
  to   space 3072K, 0% used [0x00000000d5a00000,0x00000000d5a00000,0x00000000d5d00000)
 ParOldGen       total 391680K, used 391536K [0x0000000080000000, 0x0000000097e80000, 0x00000000d5580000)
  object space 391680K, 99% used [0x0000000080000000,0x0000000097e5c048,0x0000000097e80000)
 Metaspace       used 57978K, committed 59264K, reserved 1114112K
  class space    used 6449K, committed 6976K, reserved 1048576K
}
Event: 42.966 GC heap after
{Heap after GC invocations=357 (full 2):
 PSYoungGen      total 7168K, used 3070K [0x00000000d5580000, 0x00000000d6580000, 0x0000000100000000)
  eden space 4096K, 0% used [0x00000000d5580000,0x00000000d5580000,0x00000000d5980000)
  from space 3072K, 99% used [0x00000000d5a00000,0x00000000d5cffa48,0x00000000d5d00000)
  to   space 6144K, 0% used [0x00000000d5f80000,0x00000000d5f80000,0x00000000d6580000)
 ParOldGen       total 394240K, used 393830K [0x0000000080000000, 0x0000000098100000, 0x00000000d5580000)
  object space 394240K, 99% used [0x0000000080000000,0x0000000098099a58,0x0000000098100000)
 Metaspace       used 57978K, committed 59264K, reserved 1114112K
  class space    used 6449K, committed 6976K, reserved 1048576K
}
Event: 43.003 GC heap before
{Heap before GC invocations=358 (full 2):
 PSYoungGen      total 7168K, used 7166K [0x00000000d5580000, 0x00000000d6580000, 0x0000000100000000)
  eden space 4096K, 100% used [0x00000000d5580000,0x00000000d5980000,0x00000000d5980000)
  from space 3072K, 99% used [0x00000000d5a00000,0x00000000d5cffa48,0x00000000d5d00000)
  to   space 6144K, 0% used [0x00000000d5f80000,0x00000000d5f80000,0x00000000d6580000)
 ParOldGen       total 394240K, used 393830K [0x0000000080000000, 0x0000000098100000, 0x00000000d5580000)
  object space 394240K, 99% used [0x0000000080000000,0x0000000098099a58,0x0000000098100000)
 Metaspace       used 58086K, committed 59328K, reserved 1114112K
  class space    used 6464K, committed 6976K, reserved 1048576K
}
Event: 43.004 GC heap after
{Heap after GC invocations=358 (full 2):
 PSYoungGen      total 6656K, used 2444K [0x00000000d5580000, 0x00000000d6200000, 0x0000000100000000)
  eden space 4096K, 0% used [0x00000000d5580000,0x00000000d5580000,0x00000000d5980000)
  from space 2560K, 95% used [0x00000000d5f80000,0x00000000d61e32b8,0x00000000d6200000)
  to   space 3584K, 0% used [0x00000000d5b00000,0x00000000d5b00000,0x00000000d5e80000)
 ParOldGen       total 396288K, used 396224K [0x0000000080000000, 0x0000000098300000, 0x00000000d5580000)
  object space 396288K, 99% used [0x0000000080000000,0x00000000982f0368,0x0000000098300000)
 Metaspace       used 58086K, committed 59328K, reserved 1114112K
  class space    used 6464K, committed 6976K, reserved 1048576K
}
Event: 61.333 GC heap before
{Heap before GC invocations=359 (full 2):
 PSYoungGen      total 6656K, used 6540K [0x00000000d5580000, 0x00000000d6200000, 0x0000000100000000)
  eden space 4096K, 100% used [0x00000000d5580000,0x00000000d5980000,0x00000000d5980000)
  from space 2560K, 95% used [0x00000000d5f80000,0x00000000d61e32b8,0x00000000d6200000)
  to   space 3584K, 0% used [0x00000000d5b00000,0x00000000d5b00000,0x00000000d5e80000)
 ParOldGen       total 396288K, used 396224K [0x0000000080000000, 0x0000000098300000, 0x00000000d5580000)
  object space 396288K, 99% used [0x0000000080000000,0x00000000982f0368,0x0000000098300000)
 Metaspace       used 58134K, committed 59328K, reserved 1114112K
  class space    used 6467K, committed 6976K, reserved 1048576K
}
Event: 61.335 GC heap after
{Heap after GC invocations=359 (full 2):
 PSYoungGen      total 7680K, used 512K [0x00000000d5580000, 0x00000000d6000000, 0x0000000100000000)
  eden space 4096K, 0% used [0x00000000d5580000,0x00000000d5580000,0x00000000d5980000)
  from space 3584K, 14% used [0x00000000d5b00000,0x00000000d5b80020,0x00000000d5e80000)
  to   space 1536K, 0% used [0x00000000d5e80000,0x00000000d5e80000,0x00000000d6000000)
 ParOldGen       total 397824K, used 397591K [0x0000000080000000, 0x0000000098480000, 0x00000000d5580000)
  object space 397824K, 99% used [0x0000000080000000,0x0000000098445cc0,0x0000000098480000)
 Metaspace       used 58134K, committed 59328K, reserved 1114112K
  class space    used 6467K, committed 6976K, reserved 1048576K
}

